<?xml version="1.0" encoding="UTF-8"?>
<testng-results ignored="0" total="2" passed="1" failed="1" skipped="0">
  <reporter-output>
  </reporter-output>
  <suite started-at="2025-03-06T20:27:48 IST" name="Suite" finished-at="2025-03-06T20:28:14 IST" duration-ms="26752">
    <groups>
    </groups>
    <test started-at="2025-03-06T20:27:48 IST" name="ChromeTest" finished-at="2025-03-06T20:27:48 IST" duration-ms="30">
    </test> <!-- ChromeTest -->
    <test started-at="2025-03-06T20:27:48 IST" name="EdgeTest" finished-at="2025-03-06T20:28:14 IST" duration-ms="26666">
      <class name="test.TC_002LoginTest">
        <test-method is-config="true" signature="reportIniatialization()[pri:0, instance:test.TC_002LoginTest@b3ca52e]" started-at="2025-03-06T20:27:47 IST" name="reportIniatialization" finished-at="2025-03-06T20:27:48 IST" duration-ms="1017" status="PASS">
          <reporter-output>
          </reporter-output>
        </test-method> <!-- reportIniatialization -->
        <test-method is-config="true" signature="setup()[pri:0, instance:test.TC_002LoginTest@b3ca52e]" started-at="2025-03-06T20:27:48 IST" name="setup" finished-at="2025-03-06T20:27:48 IST" duration-ms="1" status="PASS">
          <reporter-output>
          </reporter-output>
        </test-method> <!-- setup -->
        <test-method is-config="true" signature="testDetails()[pri:0, instance:test.TC_002LoginTest@b3ca52e]" started-at="2025-03-06T20:27:48 IST" name="testDetails" finished-at="2025-03-06T20:27:48 IST" duration-ms="20" status="PASS">
          <reporter-output>
          </reporter-output>
        </test-method> <!-- testDetails -->
        <test-method is-config="true" signature="launchingBrowserandLoadingURL(java.lang.String,java.lang.String)[pri:0, instance:test.TC_002LoginTest@b3ca52e]" started-at="2025-03-06T20:27:50 IST" name="launchingBrowserandLoadingURL" finished-at="2025-03-06T20:27:59 IST" duration-ms="8076" status="PASS">
          <params>
            <param index="0">
              <value>
                <![CDATA[https://demowebshop.tricentis.com/]]>
              </value>
            </param>
            <param index="1">
              <value>
                <![CDATA[Chrome]]>
              </value>
            </param>
          </params>
          <reporter-output>
          </reporter-output>
        </test-method> <!-- launchingBrowserandLoadingURL -->
        <test-method signature="loginTest(java.lang.String,java.lang.String,java.lang.String,java.lang.String)[pri:0, instance:test.TC_002LoginTest@b3ca52e]" started-at="2025-03-06T20:27:59 IST" name="loginTest" data-provider="readData" finished-at="2025-03-06T20:28:01 IST" duration-ms="2784" status="PASS">
          <params>
            <param index="0">
              <value>
                <![CDATA[Leema12345@gmail.com]]>
              </value>
            </param>
            <param index="1">
              <value>
                <![CDATA[Leema.12345]]>
              </value>
            </param>
            <param index="2">
              <value>
                <![CDATA[ValidEmailValidPassword]]>
              </value>
            </param>
            <param index="3">
              <value>
                <![CDATA[Leema12345@gmail.com]]>
              </value>
            </param>
          </params>
          <reporter-output>
          </reporter-output>
        </test-method> <!-- loginTest -->
        <test-method is-config="true" signature="closeBrowser()[pri:0, instance:test.TC_002LoginTest@b3ca52e]" started-at="2025-03-06T20:28:02 IST" name="closeBrowser" finished-at="2025-03-06T20:28:03 IST" duration-ms="916" status="PASS">
          <reporter-output>
          </reporter-output>
        </test-method> <!-- closeBrowser -->
        <test-method is-config="true" signature="launchingBrowserandLoadingURL(java.lang.String,java.lang.String)[pri:0, instance:test.TC_002LoginTest@b3ca52e]" started-at="2025-03-06T20:28:03 IST" name="launchingBrowserandLoadingURL" finished-at="2025-03-06T20:28:11 IST" duration-ms="8259" status="PASS">
          <params>
            <param index="0">
              <value>
                <![CDATA[https://demowebshop.tricentis.com/]]>
              </value>
            </param>
            <param index="1">
              <value>
                <![CDATA[Chrome]]>
              </value>
            </param>
          </params>
          <reporter-output>
          </reporter-output>
        </test-method> <!-- launchingBrowserandLoadingURL -->
        <test-method signature="loginTest(java.lang.String,java.lang.String,java.lang.String,java.lang.String)[pri:0, instance:test.TC_002LoginTest@b3ca52e]" started-at="2025-03-06T20:28:11 IST" name="loginTest" data-provider="readData" finished-at="2025-03-06T20:28:13 IST" duration-ms="1785" status="FAIL">
          <params>
            <param index="0">
              <value>
                <![CDATA[leema@gmail]]>
              </value>
            </param>
            <param index="1">
              <value>
                <![CDATA[Leema.12345]]>
              </value>
            </param>
            <param index="2">
              <value>
                <![CDATA[InValidEmailValidPassword]]>
              </value>
            </param>
            <param index="3">
              <value>
                <![CDATA[Please enter a valid email addres]]>
              </value>
            </param>
          </params>
          <exception class="java.lang.AssertionError">
            <message>
              <![CDATA[The following asserts failed:
expected [Please enter a valid email addres] but found [Please enter a valid email address.]]]>
            </message>
            <full-stacktrace>
              <![CDATA[java.lang.AssertionError: The following asserts failed:
expected [Please enter a valid email addres] but found [Please enter a valid email address.]
at org.testng.asserts.SoftAssert.assertAll(SoftAssert.java:46)
at org.testng.asserts.SoftAssert.assertAll(SoftAssert.java:30)
at pages.HomePage.validateLogin(HomePage.java:58)
at test.TC_002LoginTest.loginTest(TC_002LoginTest.java:31)
at java.base/jdk.internal.reflect.NativeMethodAccessorImpl.invoke0(Native Method)
at java.base/jdk.internal.reflect.NativeMethodAccessorImpl.invoke(NativeMethodAccessorImpl.java:77)
at java.base/jdk.internal.reflect.DelegatingMethodAccessorImpl.invoke(DelegatingMethodAccessorImpl.java:43)
at java.base/java.lang.reflect.Method.invoke(Method.java:568)
at org.testng.internal.invokers.MethodInvocationHelper.invokeMethod(MethodInvocationHelper.java:139)
at org.testng.internal.invokers.TestInvoker.invokeMethod(TestInvoker.java:664)
at org.testng.internal.invokers.TestInvoker.invokeTestMethod(TestInvoker.java:227)
at org.testng.internal.invokers.MethodRunner.runInSequence(MethodRunner.java:50)
at org.testng.internal.invokers.TestInvoker$MethodInvocationAgent.invoke(TestInvoker.java:957)
at org.testng.internal.invokers.TestInvoker.invokeTestMethods(TestInvoker.java:200)
at org.testng.internal.invokers.TestMethodWorker.invokeTestMethods(TestMethodWorker.java:148)
at org.testng.internal.invokers.TestMethodWorker.run(TestMethodWorker.java:128)
at java.base/java.util.ArrayList.forEach(ArrayList.java:1511)
at org.testng.TestRunner.privateRun(TestRunner.java:848)
at org.testng.TestRunner.run(TestRunner.java:621)
at org.testng.SuiteRunner.runTest(SuiteRunner.java:443)
at org.testng.SuiteRunner.runSequentially(SuiteRunner.java:437)
at org.testng.SuiteRunner.privateRun(SuiteRunner.java:397)
at org.testng.SuiteRunner.run(SuiteRunner.java:336)
at org.testng.SuiteRunnerWorker.runSuite(SuiteRunnerWorker.java:52)
at org.testng.SuiteRunnerWorker.run(SuiteRunnerWorker.java:95)
at org.testng.TestNG.runSuitesSequentially(TestNG.java:1280)
at org.testng.TestNG.runSuitesLocally(TestNG.java:1200)
at org.testng.TestNG.runSuites(TestNG.java:1114)
at org.testng.TestNG.run(TestNG.java:1082)
at org.testng.remote.AbstractRemoteTestNG.run(AbstractRemoteTestNG.java:115)
at org.testng.remote.RemoteTestNG.initAndRun(RemoteTestNG.java:251)
at org.testng.remote.RemoteTestNG.main(RemoteTestNG.java:77)
]]>
            </full-stacktrace>
          </exception> <!-- java.lang.AssertionError -->
          <reporter-output>
          </reporter-output>
        </test-method> <!-- loginTest -->
        <test-method is-config="true" signature="closeBrowser()[pri:0, instance:test.TC_002LoginTest@b3ca52e]" started-at="2025-03-06T20:28:13 IST" name="closeBrowser" finished-at="2025-03-06T20:28:14 IST" duration-ms="1375" status="PASS">
          <reporter-output>
          </reporter-output>
        </test-method> <!-- closeBrowser -->
        <test-method is-config="true" signature="reportClose()[pri:0, instance:test.TC_002LoginTest@b3ca52e]" started-at="2025-03-06T20:28:14 IST" name="reportClose" finished-at="2025-03-06T20:28:16 IST" duration-ms="1204" status="PASS">
          <reporter-output>
          </reporter-output>
        </test-method> <!-- reportClose -->
      </class> <!-- test.TC_002LoginTest -->
    </test> <!-- EdgeTest -->
  </suite> <!-- Suite -->
</testng-results>
